This is pdfTeX, Version 3.14159265-2.6-1.40.20 (TeX Live 2019/Debian) (preloaded format=pdflatex 2021.9.23)  5 OCT 2021 22:26
entering extended mode
 restricted \write18 enabled.
 file:line:error style messages enabled.
 %&-line parsing enabled.
**/home/salvatore/Documenti/ReasoningAgent/report/main.tex
(/home/salvatore/Documenti/ReasoningAgent/report/main.tex
LaTeX2e <2020-02-02> patch level 2
L3 programming layer <2020-02-14> (/usr/share/texlive/texmf-dist/tex/latex/base/article.cls
Document Class: article 2019/12/20 v1.4l Standard LaTeX document class
(/usr/share/texlive/texmf-dist/tex/latex/base/size10.clo
File: size10.clo 2019/12/20 v1.4l Standard LaTeX file (size option)
)
\c@part=\count167
\c@section=\count168
\c@subsection=\count169
\c@subsubsection=\count170
\c@paragraph=\count171
\c@subparagraph=\count172
\c@figure=\count173
\c@table=\count174
\abovecaptionskip=\skip47
\belowcaptionskip=\skip48
\bibindent=\dimen134
) (/usr/share/texlive/texmf-dist/tex/latex/base/inputenc.sty
Package: inputenc 2018/08/11 v1.3c Input encoding file
\inpenc@prehook=\toks14
\inpenc@posthook=\toks15
) (/usr/share/texlive/texmf-dist/tex/latex/graphics/graphicx.sty
Package: graphicx 2019/11/30 v1.2a Enhanced LaTeX Graphics (DPC,SPQR)
 (/usr/share/texlive/texmf-dist/tex/latex/graphics/keyval.sty
Package: keyval 2014/10/28 v1.15 key=value parser (DPC)
\KV@toks@=\toks16
) (/usr/share/texlive/texmf-dist/tex/latex/graphics/graphics.sty
Package: graphics 2019/11/30 v1.4a Standard LaTeX Graphics (DPC,SPQR)
 (/usr/share/texlive/texmf-dist/tex/latex/graphics/trig.sty
Package: trig 2016/01/03 v1.10 sin cos tan (DPC)
) (/usr/share/texlive/texmf-dist/tex/latex/graphics-cfg/graphics.cfg
File: graphics.cfg 2016/06/04 v1.11 sample graphics configuration
)
Package graphics Info: Driver file: pdftex.def on input line 105.
 (/usr/share/texlive/texmf-dist/tex/latex/graphics-def/pdftex.def
File: pdftex.def 2018/01/08 v1.0l Graphics/color driver for pdftex
))
\Gin@req@height=\dimen135
\Gin@req@width=\dimen136
) (/usr/share/texlive/texmf-dist/tex/latex/mathtools/mathtools.sty
Package: mathtools 2020/01/17 v1.23 mathematical typesetting tools
 (/usr/share/texlive/texmf-dist/tex/latex/tools/calc.sty
Package: calc 2017/05/25 v4.3 Infix arithmetic (KKT,FJ)
\calc@Acount=\count175
\calc@Bcount=\count176
\calc@Adimen=\dimen137
\calc@Bdimen=\dimen138
\calc@Askip=\skip49
\calc@Bskip=\skip50
LaTeX Info: Redefining \setlength on input line 80.
LaTeX Info: Redefining \addtolength on input line 81.
\calc@Ccount=\count177
\calc@Cskip=\skip51
) (/usr/share/texlive/texmf-dist/tex/latex/mathtools/mhsetup.sty
Package: mhsetup 2017/03/31 v1.3 programming setup (MH)
) (/usr/share/texlive/texmf-dist/tex/latex/amsmath/amsmath.sty
Package: amsmath 2020/01/20 v2.17e AMS math features
\@mathmargin=\skip52

For additional information on amsmath, use the `?' option.
(/usr/share/texlive/texmf-dist/tex/latex/amsmath/amstext.sty
Package: amstext 2000/06/29 v2.01 AMS text
 (/usr/share/texlive/texmf-dist/tex/latex/amsmath/amsgen.sty
File: amsgen.sty 1999/11/30 v2.0 generic functions
\@emptytoks=\toks17
\ex@=\dimen139
)) (/usr/share/texlive/texmf-dist/tex/latex/amsmath/amsbsy.sty
Package: amsbsy 1999/11/29 v1.2d Bold Symbols
\pmbraise@=\dimen140
) (/usr/share/texlive/texmf-dist/tex/latex/amsmath/amsopn.sty
Package: amsopn 2016/03/08 v2.02 operator names
)
\inf@bad=\count178
LaTeX Info: Redefining \frac on input line 227.
\uproot@=\count179
\leftroot@=\count180
LaTeX Info: Redefining \overline on input line 389.
\classnum@=\count181
\DOTSCASE@=\count182
LaTeX Info: Redefining \ldots on input line 486.
LaTeX Info: Redefining \dots on input line 489.
LaTeX Info: Redefining \cdots on input line 610.
\Mathstrutbox@=\box45
\strutbox@=\box46
\big@size=\dimen141
LaTeX Font Info:    Redeclaring font encoding OML on input line 733.
LaTeX Font Info:    Redeclaring font encoding OMS on input line 734.
\macc@depth=\count183
\c@MaxMatrixCols=\count184
\dotsspace@=\muskip16
\c@parentequation=\count185
\dspbrk@lvl=\count186
\tag@help=\toks18
\row@=\count187
\column@=\count188
\maxfields@=\count189
\andhelp@=\toks19
\eqnshift@=\dimen142
\alignsep@=\dimen143
\tagshift@=\dimen144
\tagwidth@=\dimen145
\totwidth@=\dimen146
\lineht@=\dimen147
\@envbody=\toks20
\multlinegap=\skip53
\multlinetaggap=\skip54
\mathdisplay@stack=\toks21
LaTeX Info: Redefining \[ on input line 2859.
LaTeX Info: Redefining \] on input line 2860.
)
LaTeX Info: Thecontrolsequence`\('isalreadyrobust on input line 129.
LaTeX Info: Thecontrolsequence`\)'isalreadyrobust on input line 129.
LaTeX Info: Thecontrolsequence`\['isalreadyrobust on input line 129.
LaTeX Info: Thecontrolsequence`\]'isalreadyrobust on input line 129.
\g_MT_multlinerow_int=\count190
\l_MT_multwidth_dim=\dimen148
\origjot=\skip55
\l_MT_shortvdotswithinadjustabove_dim=\dimen149
\l_MT_shortvdotswithinadjustbelow_dim=\dimen150
\l_MT_above_intertext_sep=\dimen151
\l_MT_below_intertext_sep=\dimen152
\l_MT_above_shortintertext_sep=\dimen153
\l_MT_below_shortintertext_sep=\dimen154
) (/usr/share/texlive/texmf-dist/tex/latex/pgf/frontendlayer/tikz.sty (/usr/share/texlive/texmf-dist/tex/latex/pgf/basiclayer/pgf.sty (/usr/share/texlive/texmf-dist/tex/latex/pgf/utilities/pgfrcs.sty (/usr/share/texlive/texmf-dist/tex/generic/pgf/utilities/pgfutil-common.tex
\pgfutil@everybye=\toks22
\pgfutil@tempdima=\dimen155
\pgfutil@tempdimb=\dimen156
 (/usr/share/texlive/texmf-dist/tex/generic/pgf/utilities/pgfutil-common-lists.tex)) (/usr/share/texlive/texmf-dist/tex/generic/pgf/utilities/pgfutil-latex.def
\pgfutil@abb=\box47
 (/usr/share/texlive/texmf-dist/tex/latex/ms/everyshi.sty
Package: everyshi 2001/05/15 v3.00 EveryShipout Package (MS)
)) (/usr/share/texlive/texmf-dist/tex/generic/pgf/utilities/pgfrcs.code.tex (/usr/share/texlive/texmf-dist/tex/generic/pgf/pgf.revision.tex)
Package: pgfrcs 2020/01/08 v3.1.5b (3.1.5b)
))
Package: pgf 2020/01/08 v3.1.5b (3.1.5b)
 (/usr/share/texlive/texmf-dist/tex/latex/pgf/basiclayer/pgfcore.sty (/usr/share/texlive/texmf-dist/tex/latex/pgf/systemlayer/pgfsys.sty (/usr/share/texlive/texmf-dist/tex/generic/pgf/systemlayer/pgfsys.code.tex
Package: pgfsys 2020/01/08 v3.1.5b (3.1.5b)
 (/usr/share/texlive/texmf-dist/tex/generic/pgf/utilities/pgfkeys.code.tex
\pgfkeys@pathtoks=\toks23
\pgfkeys@temptoks=\toks24
 (/usr/share/texlive/texmf-dist/tex/generic/pgf/utilities/pgfkeysfiltered.code.tex
\pgfkeys@tmptoks=\toks25
))
\pgf@x=\dimen157
\pgf@y=\dimen158
\pgf@xa=\dimen159
\pgf@ya=\dimen160
\pgf@xb=\dimen161
\pgf@yb=\dimen162
\pgf@xc=\dimen163
\pgf@yc=\dimen164
\pgf@xd=\dimen165
\pgf@yd=\dimen166
\w@pgf@writea=\write3
\r@pgf@reada=\read2
\c@pgf@counta=\count191
\c@pgf@countb=\count192
\c@pgf@countc=\count193
\c@pgf@countd=\count194
\t@pgf@toka=\toks26
\t@pgf@tokb=\toks27
\t@pgf@tokc=\toks28
\pgf@sys@id@count=\count195
 (/usr/share/texlive/texmf-dist/tex/generic/pgf/systemlayer/pgf.cfg
File: pgf.cfg 2020/01/08 v3.1.5b (3.1.5b)
)
Driver file for pgf: pgfsys-pdftex.def
 (/usr/share/texlive/texmf-dist/tex/generic/pgf/systemlayer/pgfsys-pdftex.def
File: pgfsys-pdftex.def 2020/01/08 v3.1.5b (3.1.5b)
 (/usr/share/texlive/texmf-dist/tex/generic/pgf/systemlayer/pgfsys-common-pdf.def
File: pgfsys-common-pdf.def 2020/01/08 v3.1.5b (3.1.5b)
))) (/usr/share/texlive/texmf-dist/tex/generic/pgf/systemlayer/pgfsyssoftpath.code.tex
File: pgfsyssoftpath.code.tex 2020/01/08 v3.1.5b (3.1.5b)
\pgfsyssoftpath@smallbuffer@items=\count196
\pgfsyssoftpath@bigbuffer@items=\count197
) (/usr/share/texlive/texmf-dist/tex/generic/pgf/systemlayer/pgfsysprotocol.code.tex
File: pgfsysprotocol.code.tex 2020/01/08 v3.1.5b (3.1.5b)
)) (/usr/share/texlive/texmf-dist/tex/latex/xcolor/xcolor.sty
Package: xcolor 2016/05/11 v2.12 LaTeX color extensions (UK)
 (/usr/share/texlive/texmf-dist/tex/latex/graphics-cfg/color.cfg
File: color.cfg 2016/01/02 v1.6 sample color configuration
)
Package xcolor Info: Driver file: pdftex.def on input line 225.
Package xcolor Info: Model `cmy' substituted by `cmy0' on input line 1348.
Package xcolor Info: Model `hsb' substituted by `rgb' on input line 1352.
Package xcolor Info: Model `RGB' extended on input line 1364.
Package xcolor Info: Model `HTML' substituted by `rgb' on input line 1366.
Package xcolor Info: Model `Hsb' substituted by `hsb' on input line 1367.
Package xcolor Info: Model `tHsb' substituted by `hsb' on input line 1368.
Package xcolor Info: Model `HSB' substituted by `hsb' on input line 1369.
Package xcolor Info: Model `Gray' substituted by `gray' on input line 1370.
Package xcolor Info: Model `wave' substituted by `hsb' on input line 1371.
) (/usr/share/texlive/texmf-dist/tex/generic/pgf/basiclayer/pgfcore.code.tex
Package: pgfcore 2020/01/08 v3.1.5b (3.1.5b)
 (/usr/share/texlive/texmf-dist/tex/generic/pgf/math/pgfmath.code.tex (/usr/share/texlive/texmf-dist/tex/generic/pgf/math/pgfmathcalc.code.tex (/usr/share/texlive/texmf-dist/tex/generic/pgf/math/pgfmathutil.code.tex) (/usr/share/texlive/texmf-dist/tex/generic/pgf/math/pgfmathparser.code.tex
\pgfmath@dimen=\dimen167
\pgfmath@count=\count198
\pgfmath@box=\box48
\pgfmath@toks=\toks29
\pgfmath@stack@operand=\toks30
\pgfmath@stack@operation=\toks31
) (/usr/share/texlive/texmf-dist/tex/generic/pgf/math/pgfmathfunctions.code.tex (/usr/share/texlive/texmf-dist/tex/generic/pgf/math/pgfmathfunctions.basic.code.tex) (/usr/share/texlive/texmf-dist/tex/generic/pgf/math/pgfmathfunctions.trigonometric.code.tex) (/usr/share/texlive/texmf-dist/tex/generic/pgf/math/pgfmathfunctions.random.code.tex) (/usr/share/texlive/texmf-dist/tex/generic/pgf/math/pgfmathfunctions.comparison.code.tex) (/usr/share/texlive/texmf-dist/tex/generic/pgf/math/pgfmathfunctions.base.code.tex) (/usr/share/texlive/texmf-dist/tex/generic/pgf/math/pgfmathfunctions.round.code.tex) (/usr/share/texlive/texmf-dist/tex/generic/pgf/math/pgfmathfunctions.misc.code.tex) (/usr/share/texlive/texmf-dist/tex/generic/pgf/math/pgfmathfunctions.integerarithmetics.code.tex))) (/usr/share/texlive/texmf-dist/tex/generic/pgf/math/pgfmathfloat.code.tex
\c@pgfmathroundto@lastzeros=\count199
)) (/usr/share/texlive/texmf-dist/tex/generic/pgf/math/pgfint.code.tex) (/usr/share/texlive/texmf-dist/tex/generic/pgf/basiclayer/pgfcorepoints.code.tex
File: pgfcorepoints.code.tex 2020/01/08 v3.1.5b (3.1.5b)
\pgf@picminx=\dimen168
\pgf@picmaxx=\dimen169
\pgf@picminy=\dimen170
\pgf@picmaxy=\dimen171
\pgf@pathminx=\dimen172
\pgf@pathmaxx=\dimen173
\pgf@pathminy=\dimen174
\pgf@pathmaxy=\dimen175
\pgf@xx=\dimen176
\pgf@xy=\dimen177
\pgf@yx=\dimen178
\pgf@yy=\dimen179
\pgf@zx=\dimen180
\pgf@zy=\dimen181
) (/usr/share/texlive/texmf-dist/tex/generic/pgf/basiclayer/pgfcorepathconstruct.code.tex
File: pgfcorepathconstruct.code.tex 2020/01/08 v3.1.5b (3.1.5b)
\pgf@path@lastx=\dimen182
\pgf@path@lasty=\dimen183
) (/usr/share/texlive/texmf-dist/tex/generic/pgf/basiclayer/pgfcorepathusage.code.tex
File: pgfcorepathusage.code.tex 2020/01/08 v3.1.5b (3.1.5b)
\pgf@shorten@end@additional=\dimen184
\pgf@shorten@start@additional=\dimen185
) (/usr/share/texlive/texmf-dist/tex/generic/pgf/basiclayer/pgfcorescopes.code.tex
File: pgfcorescopes.code.tex 2020/01/08 v3.1.5b (3.1.5b)
\pgfpic=\box49
\pgf@hbox=\box50
\pgf@layerbox@main=\box51
\pgf@picture@serial@count=\count266
) (/usr/share/texlive/texmf-dist/tex/generic/pgf/basiclayer/pgfcoregraphicstate.code.tex
File: pgfcoregraphicstate.code.tex 2020/01/08 v3.1.5b (3.1.5b)
\pgflinewidth=\dimen186
) (/usr/share/texlive/texmf-dist/tex/generic/pgf/basiclayer/pgfcoretransformations.code.tex
File: pgfcoretransformations.code.tex 2020/01/08 v3.1.5b (3.1.5b)
\pgf@pt@x=\dimen187
\pgf@pt@y=\dimen188
\pgf@pt@temp=\dimen189
) (/usr/share/texlive/texmf-dist/tex/generic/pgf/basiclayer/pgfcorequick.code.tex
File: pgfcorequick.code.tex 2020/01/08 v3.1.5b (3.1.5b)
) (/usr/share/texlive/texmf-dist/tex/generic/pgf/basiclayer/pgfcoreobjects.code.tex
File: pgfcoreobjects.code.tex 2020/01/08 v3.1.5b (3.1.5b)
) (/usr/share/texlive/texmf-dist/tex/generic/pgf/basiclayer/pgfcorepathprocessing.code.tex
File: pgfcorepathprocessing.code.tex 2020/01/08 v3.1.5b (3.1.5b)
) (/usr/share/texlive/texmf-dist/tex/generic/pgf/basiclayer/pgfcorearrows.code.tex
File: pgfcorearrows.code.tex 2020/01/08 v3.1.5b (3.1.5b)
\pgfarrowsep=\dimen190
) (/usr/share/texlive/texmf-dist/tex/generic/pgf/basiclayer/pgfcoreshade.code.tex
File: pgfcoreshade.code.tex 2020/01/08 v3.1.5b (3.1.5b)
\pgf@max=\dimen191
\pgf@sys@shading@range@num=\count267
\pgf@shadingcount=\count268
) (/usr/share/texlive/texmf-dist/tex/generic/pgf/basiclayer/pgfcoreimage.code.tex
File: pgfcoreimage.code.tex 2020/01/08 v3.1.5b (3.1.5b)
 (/usr/share/texlive/texmf-dist/tex/generic/pgf/basiclayer/pgfcoreexternal.code.tex
File: pgfcoreexternal.code.tex 2020/01/08 v3.1.5b (3.1.5b)
\pgfexternal@startupbox=\box52
)) (/usr/share/texlive/texmf-dist/tex/generic/pgf/basiclayer/pgfcorelayers.code.tex
File: pgfcorelayers.code.tex 2020/01/08 v3.1.5b (3.1.5b)
) (/usr/share/texlive/texmf-dist/tex/generic/pgf/basiclayer/pgfcoretransparency.code.tex
File: pgfcoretransparency.code.tex 2020/01/08 v3.1.5b (3.1.5b)
) (/usr/share/texlive/texmf-dist/tex/generic/pgf/basiclayer/pgfcorepatterns.code.tex
File: pgfcorepatterns.code.tex 2020/01/08 v3.1.5b (3.1.5b)
) (/usr/share/texlive/texmf-dist/tex/generic/pgf/basiclayer/pgfcorerdf.code.tex
File: pgfcorerdf.code.tex 2020/01/08 v3.1.5b (3.1.5b)
))) (/usr/share/texlive/texmf-dist/tex/generic/pgf/modules/pgfmoduleshapes.code.tex
File: pgfmoduleshapes.code.tex 2020/01/08 v3.1.5b (3.1.5b)
\pgfnodeparttextbox=\box53
) (/usr/share/texlive/texmf-dist/tex/generic/pgf/modules/pgfmoduleplot.code.tex
File: pgfmoduleplot.code.tex 2020/01/08 v3.1.5b (3.1.5b)
) (/usr/share/texlive/texmf-dist/tex/latex/pgf/compatibility/pgfcomp-version-0-65.sty
Package: pgfcomp-version-0-65 2020/01/08 v3.1.5b (3.1.5b)
\pgf@nodesepstart=\dimen192
\pgf@nodesepend=\dimen193
) (/usr/share/texlive/texmf-dist/tex/latex/pgf/compatibility/pgfcomp-version-1-18.sty
Package: pgfcomp-version-1-18 2020/01/08 v3.1.5b (3.1.5b)
)) (/usr/share/texlive/texmf-dist/tex/latex/pgf/utilities/pgffor.sty (/usr/share/texlive/texmf-dist/tex/latex/pgf/utilities/pgfkeys.sty (/usr/share/texlive/texmf-dist/tex/generic/pgf/utilities/pgfkeys.code.tex)) (/usr/share/texlive/texmf-dist/tex/latex/pgf/math/pgfmath.sty (/usr/share/texlive/texmf-dist/tex/generic/pgf/math/pgfmath.code.tex)) (/usr/share/texlive/texmf-dist/tex/generic/pgf/utilities/pgffor.code.tex
Package: pgffor 2020/01/08 v3.1.5b (3.1.5b)
 (/usr/share/texlive/texmf-dist/tex/generic/pgf/math/pgfmath.code.tex)
\pgffor@iter=\dimen194
\pgffor@skip=\dimen195
\pgffor@stack=\toks32
\pgffor@toks=\toks33
)) (/usr/share/texlive/texmf-dist/tex/generic/pgf/frontendlayer/tikz/tikz.code.tex
Package: tikz 2020/01/08 v3.1.5b (3.1.5b)
 (/usr/share/texlive/texmf-dist/tex/generic/pgf/libraries/pgflibraryplothandlers.code.tex
File: pgflibraryplothandlers.code.tex 2020/01/08 v3.1.5b (3.1.5b)
\pgf@plot@mark@count=\count269
\pgfplotmarksize=\dimen196
)
\tikz@lastx=\dimen197
\tikz@lasty=\dimen198
\tikz@lastxsaved=\dimen199
\tikz@lastysaved=\dimen256
\tikz@lastmovetox=\dimen257
\tikz@lastmovetoy=\dimen258
\tikzleveldistance=\dimen259
\tikzsiblingdistance=\dimen260
\tikz@figbox=\box54
\tikz@figbox@bg=\box55
\tikz@tempbox=\box56
\tikz@tempbox@bg=\box57
\tikztreelevel=\count270
\tikznumberofchildren=\count271
\tikznumberofcurrentchild=\count272
\tikz@fig@count=\count273
 (/usr/share/texlive/texmf-dist/tex/generic/pgf/modules/pgfmodulematrix.code.tex
File: pgfmodulematrix.code.tex 2020/01/08 v3.1.5b (3.1.5b)
\pgfmatrixcurrentrow=\count274
\pgfmatrixcurrentcolumn=\count275
\pgf@matrix@numberofcolumns=\count276
)
\tikz@expandcount=\count277
 (/usr/share/texlive/texmf-dist/tex/generic/pgf/frontendlayer/tikz/libraries/tikzlibrarytopaths.code.tex
File: tikzlibrarytopaths.code.tex 2020/01/08 v3.1.5b (3.1.5b)
))) (/usr/share/texlive/texmf-dist/tex/generic/pgf/frontendlayer/tikz/libraries/tikzlibrarypositioning.code.tex
File: tikzlibrarypositioning.code.tex 2020/01/08 v3.1.5b (3.1.5b)
) (/usr/share/texlive/texmf-dist/tex/latex/amsfonts/amssymb.sty
Package: amssymb 2013/01/14 v3.01 AMS font symbols
 (/usr/share/texlive/texmf-dist/tex/latex/amsfonts/amsfonts.sty
Package: amsfonts 2013/01/14 v3.01 Basic AMSFonts support
\symAMSa=\mathgroup4
\symAMSb=\mathgroup5
LaTeX Font Info:    Redeclaring math symbol \hbar on input line 98.
LaTeX Font Info:    Overwriting math alphabet `\mathfrak' in version `bold'
(Font)                  U/euf/m/n --> U/euf/b/n on input line 106.
)) (/usr/share/texlive/texmf-dist/tex/latex/hyperref/hyperref.sty
Package: hyperref 2020/01/14 v7.00d Hypertext links for LaTeX
 (/usr/share/texlive/texmf-dist/tex/generic/ltxcmds/ltxcmds.sty
Package: ltxcmds 2019/12/15 v1.24 LaTeX kernel commands for general use (HO)
) (/usr/share/texlive/texmf-dist/tex/generic/iftex/iftex.sty
Package: iftex 2019/11/07 v1.0c TeX engine tests
) (/usr/share/texlive/texmf-dist/tex/latex/pdftexcmds/pdftexcmds.sty
Package: pdftexcmds 2019/11/24 v0.31 Utility functions of pdfTeX for LuaTeX (HO)
 (/usr/share/texlive/texmf-dist/tex/generic/infwarerr/infwarerr.sty
Package: infwarerr 2019/12/03 v1.5 Providing info/warning/error messages (HO)
)
Package pdftexcmds Info: \pdf@primitive is available.
Package pdftexcmds Info: \pdf@ifprimitive is available.
Package pdftexcmds Info: \pdfdraftmode found.
) (/usr/share/texlive/texmf-dist/tex/generic/kvsetkeys/kvsetkeys.sty
Package: kvsetkeys 2019/12/15 v1.18 Key value parser (HO)
) (/usr/share/texlive/texmf-dist/tex/generic/kvdefinekeys/kvdefinekeys.sty
Package: kvdefinekeys 2019-12-19 v1.6 Define keys (HO)
) (/usr/share/texlive/texmf-dist/tex/generic/pdfescape/pdfescape.sty
Package: pdfescape 2019/12/09 v1.15 Implements pdfTeX's escape features (HO)
) (/usr/share/texlive/texmf-dist/tex/latex/hycolor/hycolor.sty
Package: hycolor 2020-01-27 v1.10 Color options for hyperref/bookmark (HO)
) (/usr/share/texlive/texmf-dist/tex/latex/letltxmacro/letltxmacro.sty
Package: letltxmacro 2019/12/03 v1.6 Let assignment for LaTeX macros (HO)
) (/usr/share/texlive/texmf-dist/tex/latex/auxhook/auxhook.sty
Package: auxhook 2019-12-17 v1.6 Hooks for auxiliary files (HO)
) (/usr/share/texlive/texmf-dist/tex/latex/kvoptions/kvoptions.sty
Package: kvoptions 2019/11/29 v3.13 Key value format for package options (HO)
)
\@linkdim=\dimen261
\Hy@linkcounter=\count278
\Hy@pagecounter=\count279
 (/usr/share/texlive/texmf-dist/tex/latex/hyperref/pd1enc.def
File: pd1enc.def 2020/01/14 v7.00d Hyperref: PDFDocEncoding definition (HO)
Now handling font encoding PD1 ...
... no UTF-8 mapping file for font encoding PD1
) (/usr/share/texlive/texmf-dist/tex/generic/intcalc/intcalc.sty
Package: intcalc 2019/12/15 v1.3 Expandable calculations with integers (HO)
) (/usr/share/texlive/texmf-dist/tex/generic/etexcmds/etexcmds.sty
Package: etexcmds 2019/12/15 v1.7 Avoid name clashes with e-TeX commands (HO)
)
\Hy@SavedSpaceFactor=\count280
\pdfmajorversion=\count281
Package hyperref Info: Hyper figures OFF on input line 4547.
Package hyperref Info: Link nesting OFF on input line 4552.
Package hyperref Info: Hyper index ON on input line 4555.
Package hyperref Info: Plain pages OFF on input line 4562.
Package hyperref Info: Backreferencing OFF on input line 4567.
Package hyperref Info: Implicit mode ON; LaTeX internals redefined.
Package hyperref Info: Bookmarks ON on input line 4800.
\c@Hy@tempcnt=\count282
 (/usr/share/texlive/texmf-dist/tex/latex/url/url.sty
\Urlmuskip=\muskip17
Package: url 2013/09/16  ver 3.4  Verb mode for urls, etc.
)
LaTeX Info: Redefining \url on input line 5159.
\XeTeXLinkMargin=\dimen262
 (/usr/share/texlive/texmf-dist/tex/generic/bitset/bitset.sty
Package: bitset 2019/12/09 v1.3 Handle bit-vector datatype (HO)
 (/usr/share/texlive/texmf-dist/tex/generic/bigintcalc/bigintcalc.sty
Package: bigintcalc 2019/12/15 v1.5 Expandable calculations on big integers (HO)
))
\Fld@menulength=\count283
\Field@Width=\dimen263
\Fld@charsize=\dimen264
Package hyperref Info: Hyper figures OFF on input line 6430.
Package hyperref Info: Link nesting OFF on input line 6435.
Package hyperref Info: Hyper index ON on input line 6438.
Package hyperref Info: backreferencing OFF on input line 6445.
Package hyperref Info: Link coloring OFF on input line 6450.
Package hyperref Info: Link coloring with OCG OFF on input line 6455.
Package hyperref Info: PDF/A mode OFF on input line 6460.
LaTeX Info: Redefining \ref on input line 6500.
LaTeX Info: Redefining \pageref on input line 6504.
 (/usr/share/texlive/texmf-dist/tex/generic/atbegshi/atbegshi.sty
Package: atbegshi 2019/12/05 v1.19 At begin shipout hook (HO)
)
\Hy@abspage=\count284
\c@Item=\count285
\c@Hfootnote=\count286
)
Package hyperref Info: Driver (autodetected): hpdftex.
 (/usr/share/texlive/texmf-dist/tex/latex/hyperref/hpdftex.def
File: hpdftex.def 2020/01/14 v7.00d Hyperref driver for pdfTeX
 (/usr/share/texlive/texmf-dist/tex/latex/atveryend/atveryend.sty
Package: atveryend 2019-12-11 v1.11 Hooks at the very end of document (HO)
Package atveryend Info: \enddocument detected (standard20110627).
)
\Fld@listcount=\count287
\c@bookmark@seq@number=\count288
 (/usr/share/texlive/texmf-dist/tex/latex/rerunfilecheck/rerunfilecheck.sty
Package: rerunfilecheck 2019/12/05 v1.9 Rerun checks for auxiliary files (HO)
 (/usr/share/texlive/texmf-dist/tex/generic/uniquecounter/uniquecounter.sty
Package: uniquecounter 2019/12/15 v1.4 Provide unlimited unique counter (HO)
)
Package uniquecounter Info: New unique counter `rerunfilecheck' on input line 286.
)
\Hy@SectionHShift=\skip56
) (/usr/share/texlive/texmf-dist/tex/latex/listings/listings.sty
\lst@mode=\count289
\lst@gtempboxa=\box58
\lst@token=\toks34
\lst@length=\count290
\lst@currlwidth=\dimen265
\lst@column=\count291
\lst@pos=\count292
\lst@lostspace=\dimen266
\lst@width=\dimen267
\lst@newlines=\count293
\lst@lineno=\count294
\lst@maxwidth=\dimen268
 (/usr/share/texlive/texmf-dist/tex/latex/listings/lstmisc.sty
File: lstmisc.sty 2019/09/10 1.8c (Carsten Heinz)
\c@lstnumber=\count295
\lst@skipnumbers=\count296
\lst@framebox=\box59
) (/usr/share/texlive/texmf-dist/tex/latex/listings/listings.cfg
File: listings.cfg 2019/09/10 1.8c listings configuration
))
Package: listings 2019/09/10 1.8c (Carsten Heinz)
 (/usr/share/texlive/texmf-dist/tex/latex/float/float.sty
Package: float 2001/11/08 v1.3d Float enhancements (AL)
\c@float@type=\count297
\float@exts=\toks35
\float@box=\box60
\@float@everytoks=\toks36
\@floatcapt=\box61
) (/usr/share/texlive/texmf-dist/tex/latex/subfig/subfig.sty
Package: subfig 2005/06/28 ver: 1.3 subfig package
 (/usr/share/texlive/texmf-dist/tex/latex/caption/caption.sty
Package: caption 2020/01/03 v3.4h Customizing captions (AR)
 (/usr/share/texlive/texmf-dist/tex/latex/caption/caption3.sty
Package: caption3 2020/01/03 v1.8h caption3 kernel (AR)
Package caption3 Info: TeX engine: e-TeX on input line 61.
\captionmargin=\dimen269
\captionmargin@=\dimen270
\captionwidth=\dimen271
\caption@tempdima=\dimen272
\caption@indent=\dimen273
\caption@parindent=\dimen274
\caption@hangindent=\dimen275
Package caption Info: Standard document class detected.
)
\c@caption@flags=\count298
\c@continuedfloat=\count299
Package caption Info: float package is loaded.
Package caption Info: hyperref package is loaded.
Package caption Info: listings package is loaded.
)
\c@KVtest=\count300
\sf@farskip=\skip57
\sf@captopadj=\dimen276
\sf@capskip=\skip58
\sf@nearskip=\skip59
\c@subfigure=\count301
\c@subfigure@save=\count302
\c@lofdepth=\count303
\c@subtable=\count304
\c@subtable@save=\count305
\c@lotdepth=\count306
\sf@top=\skip60
\sf@bottom=\skip61
) (/usr/share/texlive/texmf-dist/tex/latex/natbib/natbib.sty
Package: natbib 2010/09/13 8.31b (PWD, AO)
\bibhang=\skip62
\bibsep=\skip63
LaTeX Info: Redefining \cite on input line 694.
\c@NAT@ctr=\count307
) (/usr/share/texlive/texmf-dist/tex/latex/l3backend/l3backend-pdfmode.def
File: l3backend-pdfmode.def 2020-02-03 L3 backend support: PDF mode
\l__kernel_color_stack_int=\count308
\l__pdf_internal_box=\box62
) (/home/salvatore/Documenti/ReasoningAgent/report/main.aux)
\openout1 = `main.aux'.

LaTeX Font Info:    Checking defaults for OML/cmm/m/it on input line 81.
LaTeX Font Info:    ... okay on input line 81.
LaTeX Font Info:    Checking defaults for OMS/cmsy/m/n on input line 81.
LaTeX Font Info:    ... okay on input line 81.
LaTeX Font Info:    Checking defaults for OT1/cmr/m/n on input line 81.
LaTeX Font Info:    ... okay on input line 81.
LaTeX Font Info:    Checking defaults for T1/cmr/m/n on input line 81.
LaTeX Font Info:    ... okay on input line 81.
LaTeX Font Info:    Checking defaults for TS1/cmr/m/n on input line 81.
LaTeX Font Info:    ... okay on input line 81.
LaTeX Font Info:    Checking defaults for OMX/cmex/m/n on input line 81.
LaTeX Font Info:    ... okay on input line 81.
LaTeX Font Info:    Checking defaults for U/cmr/m/n on input line 81.
LaTeX Font Info:    ... okay on input line 81.
LaTeX Font Info:    Checking defaults for PD1/pdf/m/n on input line 81.
LaTeX Font Info:    ... okay on input line 81.
 (/usr/share/texlive/texmf-dist/tex/context/base/mkii/supp-pdf.mkii
[Loading MPS to PDF converter (version 2006.09.02).]
\scratchcounter=\count309
\scratchdimen=\dimen277
\scratchbox=\box63
\nofMPsegments=\count310
\nofMParguments=\count311
\everyMPshowfont=\toks37
\MPscratchCnt=\count312
\MPscratchDim=\dimen278
\MPnumerator=\count313
\makeMPintoPDFobject=\count314
\everyMPtoPDFconversion=\toks38
) (/usr/share/texlive/texmf-dist/tex/latex/epstopdf-pkg/epstopdf-base.sty
Package: epstopdf-base 2020-01-24 v2.11 Base part for package epstopdf
Package epstopdf-base Info: Redefining graphics rule for `.eps' on input line 485.
 (/usr/share/texlive/texmf-dist/tex/latex/latexconfig/epstopdf-sys.cfg
File: epstopdf-sys.cfg 2010/07/13 v1.3 Configuration of (r)epstopdf for TeX Live
)) ABD: EveryShipout initializing macros
\AtBeginShipoutBox=\box64
Package hyperref Info: Link coloring OFF on input line 81.
 (/usr/share/texlive/texmf-dist/tex/latex/hyperref/nameref.sty
Package: nameref 2019/09/16 v2.46 Cross-referencing by name of section
 (/usr/share/texlive/texmf-dist/tex/latex/refcount/refcount.sty
Package: refcount 2019/12/15 v3.6 Data extraction from label references (HO)
) (/usr/share/texlive/texmf-dist/tex/generic/gettitlestring/gettitlestring.sty
Package: gettitlestring 2019/12/15 v1.6 Cleanup title references (HO)
)
\c@section@level=\count315
)
LaTeX Info: Redefining \ref on input line 81.
LaTeX Info: Redefining \pageref on input line 81.
LaTeX Info: Redefining \nameref on input line 81.
 (/home/salvatore/Documenti/ReasoningAgent/report/main.out) (/home/salvatore/Documenti/ReasoningAgent/report/main.out)
\@outlinefile=\write4
\openout4 = `main.out'.

\c@lstlisting=\count316
Package caption Info: Begin \AtBeginDocument code.
Package caption Info: subfig package v1.3 is loaded.
Package caption Info: End \AtBeginDocument code.
LaTeX Font Info:    Trying to load font information for U+msa on input line 86.
 (/usr/share/texlive/texmf-dist/tex/latex/amsfonts/umsa.fd
File: umsa.fd 2013/01/14 v3.01 AMS symbols A
)
LaTeX Font Info:    Trying to load font information for U+msb on input line 86.
 (/usr/share/texlive/texmf-dist/tex/latex/amsfonts/umsb.fd
File: umsb.fd 2013/01/14 v3.01 AMS symbols B
) [1

{/var/lib/texmf/fonts/map/pdftex/updmap/pdftex.map}] [2

] (/home/salvatore/Documenti/ReasoningAgent/report/main.toc)
\tf@toc=\write5
\openout5 = `main.toc'.

 [3

]

LaTeX Warning: Reference `icarte2020reward' on page 4 undefined on input line 103.


Package natbib Warning: Citation `hopcroft2001automata' on page 4 undefined on input line 110.

<images/dfa.png, id=142, 609.27625pt x 475.7775pt>
File: images/dfa.png Graphic file (type png)
<use images/dfa.png>
Package pdftex.def Info: images/dfa.png  used on input line 131.
(pdftex.def)             Requested size: 172.5pt x 134.70503pt.

LaTeX Warning: `h' float specifier changed to `ht'.

[4]

Package natbib Warning: Citation `sutton2018rl' on page 5 undefined on input line 144.

<images/rl_sutton_barto.png, id=158, 853.1875pt x 329.23pt>
File: images/rl_sutton_barto.png Graphic file (type png)
<use images/rl_sutton_barto.png>
Package pdftex.def Info: images/rl_sutton_barto.png  used on input line 149.
(pdftex.def)             Requested size: 207.0021pt x 79.87585pt.

LaTeX Warning: `h' float specifier changed to `ht'.

[5 </home/salvatore/Documenti/ReasoningAgent/report/images/dfa.png>]
<images/markov_assumption.png, id=166, 475.7775pt x 301.125pt>
File: images/markov_assumption.png Graphic file (type png)
<use images/markov_assumption.png>
Package pdftex.def Info: images/markov_assumption.png  used on input line 167.
(pdftex.def)             Requested size: 241.49895pt x 152.85033pt.
 [6 </home/salvatore/Documenti/ReasoningAgent/report/images/rl_sutton_barto.png> </home/salvatore/Documenti/ReasoningAgent/report/images/markov_assumption.png>]

Package natbib Warning: Citation `watkins1992qlearn' on page 7 undefined on input line 207.


Underfull \hbox (badness 1308) in paragraph at lines 216--216
[][][]\OT1/cmr/m/n/8 Q-learning is an off-policy al-go-rithm that learns about the \OT1/cmr/m/it/8 greedy pol-icy $\OML/cmm/m/it/8 a[] \OT1/cmr/m/n/8 =
 []

[7]
<images/q-dqn.png, id=192, 811.03pt x 531.9875pt>
File: images/q-dqn.png Graphic file (type png)
<use images/q-dqn.png>
Package pdftex.def Info: images/q-dqn.png  used on input line 240.
(pdftex.def)             Requested size: 241.49895pt x 158.4042pt.


Package natbib Warning: Citation `Mnih2015HumanlevelCT' on page 8 undefined on input line 246.

[8] [9 </home/salvatore/Documenti/ReasoningAgent/report/images/q-dqn.png>]

Package natbib Warning: Citation `Thiebaux06' on page 10 undefined on input line 268.


Package natbib Warning: Citation `camacho_chen_sanner_mcilraith_2017' on page 10 undefined on input line 270.


Underfull \hbox (badness 10000) in paragraph at lines 272--273

 []


Package natbib Warning: Citation `brafman2018ltlf_LTLF_LDLF' on page 10 undefined on input line 275.


Package natbib Warning: Citation `camacho_chen_sanner_mcilraith_2017' on page 10 undefined on input line 275.

[10]
<images/CRM_alg2.png, id=224, 698.61pt x 366.36874pt>
File: images/CRM_alg2.png Graphic file (type png)
<use images/CRM_alg2.png>
Package pdftex.def Info: images/CRM_alg2.png  used on input line 328.
(pdftex.def)             Requested size: 327.74895pt x 171.88026pt.


Package natbib Warning: Citation `icarte2020reward' on page 11 undefined on input line 333.

[11 </home/salvatore/Documenti/ReasoningAgent/report/images/CRM_alg2.png>]
<images/examp_CRM.png, id=233, 643.40375pt x 265.99374pt>
File: images/examp_CRM.png Graphic file (type png)
<use images/examp_CRM.png>
Package pdftex.def Info: images/examp_CRM.png  used on input line 347.
(pdftex.def)             Requested size: 327.74895pt x 135.50078pt.


Package natbib Warning: Citation `icarte2020reward' on page 12 undefined on input line 354.


Package natbib Warning: Citation `watkins1992qlearn' on page 12 undefined on input line 358.

[12 </home/salvatore/Documenti/ReasoningAgent/report/images/examp_CRM.png>]
<images/sapientino.png, id=243, 434.62375pt x 308.15125pt>
File: images/sapientino.png Graphic file (type png)
<use images/sapientino.png>
Package pdftex.def Info: images/sapientino.png  used on input line 367.
(pdftex.def)             Requested size: 241.49895pt x 171.22813pt.
 [13 </home/salvatore/Documenti/ReasoningAgent/report/images/sapientino.png>]
Underfull \hbox (badness 10000) in paragraph at lines 388--392

 []

<images/old_dfa2colors.png, id=254, 453.19313pt x 336.50719pt>
File: images/old_dfa2colors.png Graphic file (type png)
<use images/old_dfa2colors.png>
Package pdftex.def Info: images/old_dfa2colors.png  used on input line 397.
(pdftex.def)             Requested size: 172.5pt x 128.08456pt.
<images/dfa2colors.png, id=255, 299.61937pt x 589.4522pt>
File: images/dfa2colors.png Graphic file (type png)
<use images/dfa2colors.png>
Package pdftex.def Info: images/dfa2colors.png  used on input line 403.
(pdftex.def)             Requested size: 65.55084pt x 128.96033pt.

Underfull \hbox (badness 10000) in paragraph at lines 436--438

 []

[14 </home/salvatore/Documenti/ReasoningAgent/report/images/old_dfa2colors.png (PNG copy)> </home/salvatore/Documenti/ReasoningAgent/report/images/dfa2colors.png (PNG copy)>]
<images/baseline_implementation_schema.png, id=261, 714.67pt x 377.41pt>
File: images/baseline_implementation_schema.png Graphic file (type png)
<use images/baseline_implementation_schema.png>
Package pdftex.def Info: images/baseline_implementation_schema.png  used on input line 441.
(pdftex.def)             Requested size: 241.49895pt x 127.5345pt.

Underfull \hbox (badness 10000) in paragraph at lines 448--450

 []


Overfull \hbox (56.18373pt too wide) in paragraph at lines 655--656
[][] 
 []

[15 </home/salvatore/Documenti/ReasoningAgent/report/images/baseline_implementation_schema.png>] [16]
Underfull \hbox (badness 10000) in paragraph at lines 694--695

 []

[17]
Underfull \hbox (badness 10000) in paragraph at lines 719--721

 []

[18]
Overfull \hbox (1.48122pt too wide) in paragraph at lines 753--760
\OT1/cmr/m/it/10 Gym Sapi-entino Case \OT1/cmr/m/n/10 is built upon a stack of wrap-pers, namely the [][]\OT1/cmtt/m/n/10 gym.Wrapper
 []


Overfull \hbox (2.0543pt too wide) in paragraph at lines 753--760
[][]\OT1/cmtt/m/n/10 TemporalGoalWrapperSynthetic[]\OT1/cmr/m/n/10 , de-fined in the [][]\OT1/cmtt/m/n/10 temprl []\OT1/cmr/m/n/10 pack-age, spe-cially mod-
 []

[19]

LaTeX Warning: `h' float specifier changed to `ht'.

[20]
<images/map1_easy.png, id=336, 743.77875pt x 571.13374pt>
File: images/map1_easy.png Graphic file (type png)
<use images/map1_easy.png>
Package pdftex.def Info: images/map1_easy.png  used on input line 814.
(pdftex.def)             Requested size: 137.9979pt x 105.9631pt.

Underfull \hbox (badness 10000) in paragraph at lines 825--825
[]\OT1/cmr/m/n/10 batch
 []


Overfull \hbox (1.16243pt too wide) in paragraph at lines 825--825
[]\OT1/cmr/m/n/10 memory| 
 []


Overfull \hbox (0.825pt too wide) in paragraph at lines 825--826
[]\OT1/cmr/m/n/10 exploration| 
 []


LaTeX Warning: `!h' float specifier changed to `!ht'.


Overfull \hbox (1.82512pt too wide) in paragraph at lines 839--839
[]\OT1/cmr/m/n/10 update
 []


Underfull \hbox (badness 10000) in paragraph at lines 839--839
\OT1/cmr/m/n/10 fre-
 []


Overfull \hbox (2.10287pt too wide) in paragraph at lines 839--839
\OT1/cmr/m/n/10 quency| 
 []


Overfull \hbox (1.80128pt too wide) in paragraph at lines 839--839
[]\OT1/cmr/m/n/10 episodes| 
 []


Overfull \hbox (1.74164pt too wide) in paragraph at lines 839--840
[]\OT1/cmr/m/n/10 timestamps| 
 []


LaTeX Warning: `!h' float specifier changed to `!ht'.

<images/length_1_easy.png, id=337, 331.2375pt x 200.75pt>
File: images/length_1_easy.png Graphic file (type png)
<use images/length_1_easy.png>
Package pdftex.def Info: images/length_1_easy.png  used on input line 850.
(pdftex.def)             Requested size: 137.9979pt x 83.63438pt.
<images/reward_1_easy.png, id=338, 331.2375pt x 200.75pt>
File: images/reward_1_easy.png Graphic file (type png)
<use images/reward_1_easy.png>
Package pdftex.def Info: images/reward_1_easy.png  used on input line 852.
(pdftex.def)             Requested size: 137.9979pt x 83.63438pt.

LaTeX Warning: `!h' float specifier changed to `!ht'.

[21 </home/salvatore/Documenti/ReasoningAgent/report/images/map1_easy.png>]
File: images/sapientino.png Graphic file (type png)
<use images/sapientino.png>
Package pdftex.def Info: images/sapientino.png  used on input line 867.
(pdftex.def)             Requested size: 137.9979pt x 97.84398pt.
<images/map2_hard.png, id=355, 821.0675pt x 572.1375pt>
File: images/map2_hard.png Graphic file (type png)
<use images/map2_hard.png>
Package pdftex.def Info: images/map2_hard.png  used on input line 869.
(pdftex.def)             Requested size: 137.9979pt x 96.15335pt.
 [22 </home/salvatore/Documenti/ReasoningAgent/report/images/length_1_easy.png> </home/salvatore/Documenti/ReasoningAgent/report/images/reward_1_easy.png>]
<images/length_2_easy.png, id=367, 331.2375pt x 200.75pt>
File: images/length_2_easy.png Graphic file (type png)
<use images/length_2_easy.png>
Package pdftex.def Info: images/length_2_easy.png  used on input line 874.
(pdftex.def)             Requested size: 137.9979pt x 83.63438pt.
<images/reward_2_easy.png, id=368, 331.2375pt x 200.75pt>
File: images/reward_2_easy.png Graphic file (type png)
<use images/reward_2_easy.png>
Package pdftex.def Info: images/reward_2_easy.png  used on input line 876.
(pdftex.def)             Requested size: 137.9979pt x 83.63438pt.
<images/length_2_hard.png, id=373, 331.2375pt x 200.75pt>
File: images/length_2_hard.png Graphic file (type png)
<use images/length_2_hard.png>
Package pdftex.def Info: images/length_2_hard.png  used on input line 881.
(pdftex.def)             Requested size: 137.9979pt x 83.63438pt.
<images/reward_2_hard.png, id=374, 331.2375pt x 200.75pt>
File: images/reward_2_hard.png Graphic file (type png)
<use images/reward_2_hard.png>
Package pdftex.def Info: images/reward_2_hard.png  used on input line 883.
(pdftex.def)             Requested size: 137.9979pt x 83.63438pt.


LaTeX Warning: `!h' float specifier changed to `!ht'.


Underfull \hbox (badness 10000) in paragraph at lines 894--894
[]\OT1/cmr/m/n/10 batch
 []


Overfull \hbox (1.16243pt too wide) in paragraph at lines 894--894
[]\OT1/cmr/m/n/10 memory| 
 []


Overfull \hbox (0.825pt too wide) in paragraph at lines 894--895
[]\OT1/cmr/m/n/10 exploration| 
 []


LaTeX Warning: `h' float specifier changed to `ht'.


Overfull \hbox (1.82512pt too wide) in paragraph at lines 909--909
[]\OT1/cmr/m/n/10 update
 []


Underfull \hbox (badness 10000) in paragraph at lines 909--909
\OT1/cmr/m/n/10 fre-
 []


Overfull \hbox (2.10287pt too wide) in paragraph at lines 909--909
\OT1/cmr/m/n/10 quency| 
 []


Overfull \hbox (1.80128pt too wide) in paragraph at lines 909--909
[]\OT1/cmr/m/n/10 episodes| 
 []


Overfull \hbox (1.74164pt too wide) in paragraph at lines 909--910
[]\OT1/cmr/m/n/10 timestamps| 
 []


LaTeX Warning: `!h' float specifier changed to `!ht'.

LaTeX Font Info:    Trying to load font information for OMS+cmr on input line 920.
(/usr/share/texlive/texmf-dist/tex/latex/base/omscmr.fd
File: omscmr.fd 2019/12/16 v2.5j Standard LaTeX font definitions
)
LaTeX Font Info:    Font shape `OMS/cmr/m/n' in size <10> not available
(Font)              Font shape `OMS/cmsy/m/n' tried instead on input line 920.
<images/map3_easy.png, id=384, 1429.34pt x 946.53625pt>
File: images/map3_easy.png Graphic file (type png)
<use images/map3_easy.png>
Package pdftex.def Info: images/map3_easy.png  used on input line 924.
(pdftex.def)             Requested size: 137.9979pt x 91.38062pt.
<images/map3_hard.png, id=385, 1343.0175pt x 962.59625pt>
File: images/map3_hard.png Graphic file (type png)
<use images/map3_hard.png>
Package pdftex.def Info: images/map3_hard.png  used on input line 926.
(pdftex.def)             Requested size: 137.9979pt x 98.9091pt.
<images/length_3_easy.png, id=386, 331.2375pt x 200.75pt>
File: images/length_3_easy.png Graphic file (type png)
<use images/length_3_easy.png>
Package pdftex.def Info: images/length_3_easy.png  used on input line 931.
(pdftex.def)             Requested size: 137.9979pt x 83.63438pt.
<images/reward_3_easy.png, id=387, 331.2375pt x 200.75pt>
File: images/reward_3_easy.png Graphic file (type png)
<use images/reward_3_easy.png>
Package pdftex.def Info: images/reward_3_easy.png  used on input line 933.
(pdftex.def)             Requested size: 137.9979pt x 83.63438pt.
<images/length_3_hard.png, id=392, 331.2375pt x 200.75pt>
File: images/length_3_hard.png Graphic file (type png)
<use images/length_3_hard.png>
Package pdftex.def Info: images/length_3_hard.png  used on input line 938.
(pdftex.def)             Requested size: 137.9979pt x 83.63438pt.
<images/reward_3_hard.png, id=393, 331.2375pt x 200.75pt>
File: images/reward_3_hard.png Graphic file (type png)
<use images/reward_3_hard.png>
Package pdftex.def Info: images/reward_3_hard.png  used on input line 940.
(pdftex.def)             Requested size: 137.9979pt x 83.63438pt.

Underfull \hbox (badness 10000) in paragraph at lines 949--949
[]\OT1/cmr/m/n/10 batch
 []


Overfull \hbox (1.16243pt too wide) in paragraph at lines 949--949
[]\OT1/cmr/m/n/10 memory| 
 []


Overfull \hbox (0.825pt too wide) in paragraph at lines 949--950
[]\OT1/cmr/m/n/10 exploration| 
 []


Overfull \hbox (1.82512pt too wide) in paragraph at lines 963--963
[]\OT1/cmr/m/n/10 update
 []


Underfull \hbox (badness 10000) in paragraph at lines 963--963
\OT1/cmr/m/n/10 fre-
 []


Overfull \hbox (2.10287pt too wide) in paragraph at lines 963--963
\OT1/cmr/m/n/10 quency| 
 []


Overfull \hbox (1.80128pt too wide) in paragraph at lines 963--963
[]\OT1/cmr/m/n/10 episodes| 
 []


Overfull \hbox (1.74164pt too wide) in paragraph at lines 963--964
[